<?xml version="1.0" encoding="UTF-8" ?>
<testsuite tests="1" failures="1" name="Search.SerchTest" time="18.126" errors="0" skipped="0">
  <properties>
[...]
</properties>
  <testcase classname="Search.SerchTest" name="SerchByTennis" time="18.126">
    <failure message="expected [&quot;0 results have been found&quot;] but found [No results were found for your search &quot;tennis&quot;]" type="java.lang.AssertionError">java.lang.AssertionError: expected [&quot;0 results have been found&quot;] but found [No results were found for your search &quot;tennis&quot;]
	at org.testng.Assert.fail(Assert.java:97)
	at org.testng.Assert.assertEqualsImpl(Assert.java:136)
	at org.testng.Assert.assertEquals(Assert.java:118)
	at org.testng.Assert.assertEquals(Assert.java:575)
	at org.testng.Assert.assertEquals(Assert.java:585)
	at Search.SerchTest.SerchByTennis(SerchTest.java:23)
</failure>
    <system-out>Configuring TestNG with: org.apache.maven.surefire.testng.conf.TestNG652Configurator@387c703b
---------------------&gt;No results were found for your search &quot;tennis&quot;
</system-out>
    <system-err>Starting ChromeDriver 79.0.3945.36 (3582db32b33893869b8c1339e8f4d9ed1816f143-refs/branch-heads/3945@{#614}) on port 4383
Only local connections are allowed.
Please protect ports used by ChromeDriver and related test frameworks to prevent access by malicious code.
[1580215648.259][WARNING]: Timed out connecting to Chrome, retrying...
ene. 28, 2020 9:47:28 A. M. org.openqa.selenium.remote.ProtocolHandshake createSession
INFO: Detected dialect: W3C
</system-err>
  </testcase>
</testsuite>